INFO:__main__:Program Started at Wed, 29 May 2024 01:41:56 GMT
INFO:Classes.league:Created Class with unique ID 0
INFO:__main__:Program Finished at Wed, 29 May 2024 01:41:56 GMT
INFO:__main__:Program Started at Fri, 31 May 2024 12:36:44 GMT
INFO:__main__:Program Finished at Fri, 31 May 2024 12:36:51 GMT
INFO:__main__:Program Started at Fri, 31 May 2024 12:37:01 GMT
INFO:__main__:Program Finished at Fri, 31 May 2024 12:37:06 GMT
INFO:__main__:Program Started at Fri, 31 May 2024 12:37:25 GMT
INFO:__main__:1
INFO:__main__:Program Finished at Fri, 31 May 2024 12:37:27 GMT
INFO:__main__:Program Started at Fri, 31 May 2024 12:37:36 GMT
INFO:__main__:Penis
INFO:__main__:Program Finished at Fri, 31 May 2024 12:37:40 GMT
INFO:__main__:Welcome complete waiting on user input
DEBUG:__main__:Program Started at Fri, 31 May 2024 12:50:05 GMT
INFO:__main__:Welcome complete waiting on user input
DEBUG:__main__:User did not enter a valid number (1)
DEBUG:__main__:User did not enter a valid number (1)
DEBUG:__main__:--------------------------------
DEBUG:__main__:Program Started at Fri, 31 May 2024 12:51:01 GMT
INFO:__main__:Welcome complete waiting on user input
DEBUG:__main__:User did not enter a valid number (1)
ERROR:__main__:User entered sdf this threw an error
DEBUG:__main__:------------------------------------------------------------------------------------------------
DEBUG:__main__:Program Started at Fri, 31 May 2024 13:13:01 GMT
INFO:__main__:Welcome complete waiting on user input
INFO:__main__:User entered 1
DEBUG:__main__:Program Finished at Fri, 31 May 2024 13:13:03 GMT
DEBUG:__main__:------------------------------------------------------------------------------------------------
DEBUG:__main__:Program Started at Fri, 31 May 2024 13:13:14 GMT
INFO:__main__:Welcome complete waiting on user input
INFO:__main__:User entered 1
DEBUG:__main__:Program Finished at Fri, 31 May 2024 13:13:16 GMT
DEBUG:__main__:------------------------------------------------------------------------------------------------
DEBUG:__main__:Program Started at Fri, 31 May 2024 13:13:19 GMT
INFO:__main__:Welcome complete waiting on user input
ERROR:__main__:User entered asdfasdafs this threw an error
INFO:__main__:User entered 1
DEBUG:__main__:Program Finished at Fri, 31 May 2024 13:13:22 GMT
DEBUG:__main__:------------------------------------------------------------------------------------------------
DEBUG:__main__:Program Started at Fri, 31 May 2024 13:22:56 GMT
INFO:__main__:Welcome complete waiting on user input
ERROR:__main__:User entered cheese this threw an error
ERROR:__main__:User entered poo this threw an error
INFO:__main__:User entered 1
DEBUG:__main__:Program Finished at Fri, 31 May 2024 13:23:08 GMT
DEBUG:__main__:------------------------------------------------------------------------------------------------
DEBUG:__main__:Program Started at Fri, 31 May 2024 13:23:45 GMT
INFO:__main__:Welcome complete waiting on user input
ERROR:__main__:User entered pop this threw an error
ERROR:__main__:User entered asdj this threw an error
INFO:__main__:User entered 1
INFO:__main__:Starting 'Create League'
DEBUG:__main__:Program Finished at Fri, 31 May 2024 13:23:55 GMT
DEBUG:__main__:------------------------------------------------------------------------------------------------
DEBUG:__main__:Program Started at Fri, 31 May 2024 13:24:58 GMT
INFO:__main__:Welcome complete waiting on user input
ERROR:__main__:User entered Hello, this threw an error
ERROR:__main__:User entered beeans, this threw an error
ERROR:__main__:User entered 0, this was not an option
ERROR:__main__:User entered 2, this was not an option
INFO:__main__:User entered 1
INFO:__main__:Starting Create League
DEBUG:__main__:Program Finished at Fri, 31 May 2024 13:25:08 GMT
DEBUG:__main__:------------------------------------------------------------------------------------------------
DEBUG:__main__:Program Started at Wed, 12 Jun 2024 21:34:00 GMT
INFO:__main__:Welcome complete waiting on user input
ERROR:__main__:User entered Yes, this threw an error
INFO:__main__:User entered 1
INFO:__main__:Starting Creating a new League
DEBUG:__main__:------------------------------------------------------------------------------------------------
DEBUG:__main__:Program Started at Wed, 12 Jun 2024 21:35:27 GMT
INFO:__main__:Welcome complete waiting on user input
INFO:__main__:User entered 1
INFO:__main__:Starting Creating a new League
INFO:Classes.league:Created Class with unique ID 0
DEBUG:__main__:Program Finished at Wed, 12 Jun 2024 21:35:34 GMT
DEBUG:__main__:------------------------------------------------------------------------------------------------
DEBUG:__main__:Program Started at Wed, 12 Jun 2024 21:43:38 GMT
INFO:__main__:Welcome complete waiting on user input
INFO:__main__:User entered 1
INFO:__main__:Starting Creating a new League
INFO:Classes.league:Created Class with unique ID 0
DEBUG:__main__:Program Finished at Wed, 12 Jun 2024 21:43:43 GMT
DEBUG:__main__:------------------------------------------------------------------------------------------------
DEBUG:__main__:Program Started at Wed, 12 Jun 2024 22:44:54 GMT
INFO:__main__:Welcome complete waiting on user input
ERROR:__main__:User entered `, this threw an error
INFO:__main__:User entered 1
INFO:__main__:Starting Creating a new League
INFO:Classes.league:Created Class with unique ID 0
DEBUG:__main__:Program Finished at Wed, 12 Jun 2024 22:44:58 GMT
DEBUG:__main__:------------------------------------------------------------------------------------------------
DEBUG:__main__:Program Started at Wed, 12 Jun 2024 22:45:24 GMT
INFO:__main__:Welcome complete waiting on user input
INFO:__main__:User entered 1
INFO:__main__:Starting Creating a new League
INFO:Classes.league:Created Class with unique ID 0
DEBUG:__main__:------------------------------------------------------------------------------------------------
DEBUG:__main__:Program Started at Wed, 12 Jun 2024 22:47:28 GMT
INFO:__main__:Welcome complete waiting on user input
INFO:__main__:User entered 1
INFO:__main__:Starting Creating a new League
INFO:Classes.league:Created Class with unique ID 0
DEBUG:__main__:------------------------------------------------------------------------------------------------
DEBUG:__main__:Program Started at Wed, 12 Jun 2024 23:03:38 GMT
INFO:__main__:Welcome complete waiting on user input
INFO:__main__:User entered 1
INFO:__main__:Starting Creating a new League
INFO:Classes.league:Created Class with unique ID 0
DEBUG:__main__:------------------------------------------------------------------------------------------------
DEBUG:__main__:Program Started at Wed, 12 Jun 2024 23:04:22 GMT
INFO:__main__:Welcome complete waiting on user input
INFO:__main__:User entered 1
INFO:__main__:Starting Creating a new League
INFO:Classes.league:Created Class with unique ID 0
DEBUG:__main__:Program Finished at Wed, 12 Jun 2024 23:04:28 GMT
DEBUG:__main__:------------------------------------------------------------------------------------------------
DEBUG:__main__:Program Started at Wed, 12 Jun 2024 23:04:34 GMT
INFO:__main__:Welcome complete waiting on user input
INFO:__main__:User entered 1
INFO:__main__:Starting Creating a new League
INFO:Classes.league:Created Class with unique ID 0
DEBUG:__main__:Program Finished at Wed, 12 Jun 2024 23:04:39 GMT
DEBUG:__main__:------------------------------------------------------------------------------------------------
DEBUG:__main__:Program Started at Wed, 12 Jun 2024 23:05:27 GMT
INFO:__main__:Welcome complete waiting on user input
ERROR:__main__:User entered 1[3~, this threw an error
INFO:__main__:User entered 1
INFO:__main__:Starting Creating a new League
INFO:Classes.league:Created Class with unique ID 0
DEBUG:__main__:------------------------------------------------------------------------------------------------
DEBUG:__main__:Program Started at Wed, 12 Jun 2024 23:06:50 GMT
INFO:__main__:Welcome complete waiting on user input
INFO:__main__:User entered 1
INFO:__main__:Starting Creating a new League
INFO:Classes.league:Created Class with unique ID 0
ERROR:main:User entered /usr/local/bin/python3 "/Users/cameronwhyte/Library/CloudStorage/OneDrive-AbertayUniversity/Pool Team/Tourney Director/League Builder/main.py", this threw an error
ERROR:main:User entered /usr/local/bin/python3 "/Users/cameronwhyte/Library/CloudStorage/OneDrive-AbertayUniversity/Pool Team/Tourney Director/League Builder/main.py", this threw an error
ERROR:main:User entered /usr/local/bin/python3 "/Users/cameronwhyte/Library/CloudStorage/OneDrive-AbertayUniversity/Pool Team/Tourney Director/League Builder/main.py", this threw an error
DEBUG:__main__:------------------------------------------------------------------------------------------------
DEBUG:__main__:Program Started at Wed, 12 Jun 2024 23:08:18 GMT
INFO:__main__:Welcome complete waiting on user input
INFO:__main__:User entered 1
INFO:__main__:Starting Creating a new League
INFO:Classes.league:Created Class with unique ID 0
DEBUG:__main__:------------------------------------------------------------------------------------------------
DEBUG:__main__:Program Started at Thu, 13 Jun 2024 16:27:19 GMT
INFO:__main__:Welcome complete waiting on user input
INFO:__main__:User entered 1
INFO:__main__:Starting Creating a new League
INFO:Classes.league:Created Class with unique ID 0
INFO:Classes.league:New league builder started!
INFO:Classes.league:User entered 24 for playerCount and 2 for divisionCount!
DEBUG:__main__:------------------------------------------------------------------------------------------------
DEBUG:__main__:Program Started at Thu, 13 Jun 2024 17:39:20 GMT
INFO:__main__:Welcome complete waiting on user input
INFO:__main__:User entered 1
INFO:__main__:Starting Creating a new League
INFO:Classes.league:Created Class with unique ID 0
INFO:Classes.league:New league builder started!
INFO:Classes.league:User entered 24 for playerCount and 2 for divisionCount!
DEBUG:__main__:------------------------------------------------------------------------------------------------
DEBUG:__main__:Program Started at Thu, 13 Jun 2024 17:40:16 GMT
INFO:__main__:Welcome complete waiting on user input
INFO:__main__:User entered 1
INFO:__main__:Starting Creating a new League
INFO:Classes.league:Created Class with unique ID 0
INFO:Classes.league:New league builder started!
INFO:Classes.league:User entered 24 for playerCount and 2 for divisionCount!
DEBUG:__main__:------------------------------------------------------------------------------------------------
DEBUG:__main__:Program Started at Thu, 13 Jun 2024 17:41:54 GMT
INFO:__main__:Welcome complete waiting on user input
INFO:__main__:User entered 1
INFO:__main__:Starting Creating a new League
INFO:Classes.league:Created Class with unique ID 0
INFO:Classes.league:New league builder started!
INFO:Classes.league:User entered 24 for playerCount and 2 for divisionCount!
DEBUG:__main__:------------------------------------------------------------------------------------------------
DEBUG:__main__:Program Started at Thu, 13 Jun 2024 17:43:29 GMT
INFO:__main__:Welcome complete waiting on user input
INFO:__main__:User entered 1
INFO:__main__:Starting Creating a new League
INFO:Classes.league:Created Class with unique ID 0
INFO:Classes.league:New league builder started!
INFO:Classes.league:User entered 24 for playerCount and 2 for divisionCount!
DEBUG:__main__:------------------------------------------------------------------------------------------------
DEBUG:__main__:Program Started at Thu, 13 Jun 2024 17:50:10 GMT
INFO:__main__:Welcome complete waiting on user input
INFO:__main__:User entered 1
INFO:__main__:Starting Creating a new League
INFO:Classes.league:Created Class with unique ID 0
INFO:Classes.league:New league builder started!
INFO:Classes.league:User entered 24 for playerCount and 12 for divisionCount!
DEBUG:__main__:------------------------------------------------------------------------------------------------
DEBUG:__main__:Program Started at Thu, 13 Jun 2024 17:50:58 GMT
INFO:__main__:Welcome complete waiting on user input
INFO:__main__:User entered 1
INFO:__main__:Starting Creating a new League
INFO:Classes.league:Created Class with unique ID 0
INFO:Classes.league:New league builder started!
INFO:Classes.league:User entered 24 for playerCount and 2 for divisionCount!
DEBUG:Classes.league:divisionPlayerSplit's size 1
DEBUG:__main__:------------------------------------------------------------------------------------------------
DEBUG:__main__:Program Started at Thu, 13 Jun 2024 17:53:09 GMT
INFO:__main__:Welcome complete waiting on user input
INFO:__main__:User entered 1
INFO:__main__:Starting Creating a new League
INFO:Classes.league:Created Class with unique ID 0
INFO:Classes.league:New league builder started!
INFO:Classes.league:User entered 24 for playerCount and 12 for divisionCount!
DEBUG:Classes.league:divisionPlayerSplit's size 12
ERROR:main:User entered , this threw an error
ERROR:main:User entered , this threw an error
ERROR:main:User entered , this threw an error
ERROR:main:User entered , this threw an error
ERROR:main:User entered , this threw an error
DEBUG:__main__:------------------------------------------------------------------------------------------------
DEBUG:__main__:Program Started at Thu, 13 Jun 2024 17:55:12 GMT
INFO:__main__:Welcome complete waiting on user input
INFO:__main__:User entered 1
INFO:__main__:Starting Creating a new League
INFO:Classes.league:Created Class with unique ID 0
INFO:Classes.league:New league builder started!
INFO:Classes.league:User entered 24 for playerCount and 2 for divisionCount!
ERROR:main:User entered /usr/local/bin/python3 "/Users/cameronwhyte/Library/CloudStorage/OneDrive-AbertayUniversity/Pool Team/Tourney Director/League Builder/main.py", this threw an error
DEBUG:__main__:------------------------------------------------------------------------------------------------
DEBUG:__main__:Program Started at Thu, 13 Jun 2024 17:55:49 GMT
INFO:__main__:Welcome complete waiting on user input
INFO:__main__:User entered 1
INFO:__main__:Starting Creating a new League
INFO:Classes.league:Created Class with unique ID 0
INFO:Classes.league:New league builder started!
INFO:Classes.league:User entered 24 for playerCount and 2 for divisionCount!
DEBUG:__main__:------------------------------------------------------------------------------------------------
DEBUG:__main__:Program Started at Thu, 13 Jun 2024 17:56:42 GMT
INFO:__main__:Welcome complete waiting on user input
INFO:__main__:User entered 1
INFO:__main__:Starting Creating a new League
INFO:Classes.league:Created Class with unique ID 0
INFO:Classes.league:New league builder started!
INFO:Classes.league:User entered 24 for playerCount and 12 for divisionCount!
DEBUG:__main__:Program Finished at Thu, 13 Jun 2024 17:57:05 GMT
DEBUG:__main__:------------------------------------------------------------------------------------------------
DEBUG:__main__:Program Started at Fri, 14 Jun 2024 13:32:26 GMT
INFO:__main__:Welcome complete waiting on user input
INFO:__main__:User entered 1
INFO:__main__:Starting Creating a new League
INFO:Classes.league:Created League Class with unique ID 0
INFO:Classes.league:New league builder started!
INFO:Classes.league:User entered 24 for playerCount and 2 for divisionCount!
DEBUG:__main__:------------------------------------------------------------------------------------------------
DEBUG:__main__:Program Started at Fri, 14 Jun 2024 13:33:01 GMT
INFO:__main__:Welcome complete waiting on user input
INFO:__main__:User entered 1
INFO:__main__:Starting Creating a new League
INFO:Classes.league:Created League Class with unique ID 0
INFO:Classes.league:New league builder started!
INFO:Classes.league:User entered 24 for playerCount and 2 for divisionCount!
DEBUG:__main__:------------------------------------------------------------------------------------------------
DEBUG:__main__:Program Started at Fri, 14 Jun 2024 13:34:03 GMT
INFO:__main__:Welcome complete waiting on user input
INFO:__main__:User entered 1
INFO:__main__:Starting Creating a new League
INFO:Classes.league:Created League Class with unique ID 0
INFO:Classes.league:New league builder started!
INFO:Classes.league:User entered 24 for playerCount and 2 for divisionCount!
DEBUG:__main__:------------------------------------------------------------------------------------------------
DEBUG:__main__:Program Started at Fri, 14 Jun 2024 13:34:26 GMT
INFO:__main__:Welcome complete waiting on user input
INFO:__main__:User entered 1
INFO:__main__:Starting Creating a new League
INFO:Classes.league:Created League Class with unique ID 0
INFO:Classes.league:New league builder started!
INFO:Classes.league:User entered 24 for playerCount and 12 for divisionCount!
ERROR:main:User entered , this threw an error
INFO:Classes.player:Created Player Class with unique ID 0
DEBUG:__main__:Program Finished at Fri, 14 Jun 2024 13:34:51 GMT
DEBUG:__main__:------------------------------------------------------------------------------------------------
DEBUG:__main__:Program Started at Fri, 14 Jun 2024 13:39:33 GMT
INFO:__main__:Welcome complete waiting on user input
INFO:__main__:User entered 1
INFO:__main__:Starting Creating a new League
INFO:Classes.league:Created League Class with unique ID 0
INFO:Classes.league:New league builder started!
INFO:Classes.league:User entered 6 for playerCount and 2 for divisionCount!
DEBUG:__main__:Program Finished at Fri, 14 Jun 2024 13:39:45 GMT
DEBUG:__main__:------------------------------------------------------------------------------------------------
DEBUG:__main__:Program Started at Fri, 14 Jun 2024 13:41:05 GMT
INFO:__main__:Welcome complete waiting on user input
INFO:__main__:User entered 1
INFO:__main__:Starting Creating a new League
INFO:Classes.league:Created League Class with unique ID 0
INFO:Classes.league:New league builder started!
INFO:Classes.league:User entered 6 for playerCount and 3 for divisionCount!
INFO:Classes.player:Created Player Class with unique ID 0
INFO:Classes.player:Created Player Class with unique ID 1
INFO:Classes.player:Created Player Class with unique ID 2
INFO:Classes.player:Created Player Class with unique ID 3
INFO:Classes.player:Created Player Class with unique ID 4
INFO:Classes.player:Created Player Class with unique ID 5
DEBUG:__main__:Program Finished at Fri, 14 Jun 2024 13:41:18 GMT
DEBUG:__main__:------------------------------------------------------------------------------------------------
DEBUG:__main__:Program Started at Sun, 16 Jun 2024 23:17:57 GMT
INFO:__main__:Welcome complete waiting on user input
INFO:__main__:User entered 1
INFO:__main__:Starting Creating a new League
INFO:Classes.league:Created League Class with unique ID 0
INFO:Classes.league:New league builder started!
INFO:Classes.league:User entered 24 for playerCount and 2 for divisionCount!
INFO:Classes.player:Created Player Class with unique ID 0
INFO:Classes.player:Created Player Class with unique ID 1
INFO:Classes.player:Created Player Class with unique ID 2
INFO:Classes.player:Created Player Class with unique ID 3
INFO:Classes.player:Created Player Class with unique ID 4
INFO:Classes.player:Created Player Class with unique ID 5
INFO:Classes.player:Created Player Class with unique ID 6
INFO:Classes.player:Created Player Class with unique ID 7
INFO:Classes.player:Created Player Class with unique ID 8
INFO:Classes.player:Created Player Class with unique ID 9
INFO:Classes.player:Created Player Class with unique ID 10
INFO:Classes.player:Created Player Class with unique ID 11
INFO:Classes.player:Created Player Class with unique ID 12
INFO:Classes.player:Created Player Class with unique ID 13
INFO:Classes.player:Created Player Class with unique ID 14
INFO:Classes.player:Created Player Class with unique ID 15
INFO:Classes.player:Created Player Class with unique ID 16
INFO:Classes.player:Created Player Class with unique ID 17
INFO:Classes.player:Created Player Class with unique ID 18
INFO:Classes.player:Created Player Class with unique ID 19
INFO:Classes.player:Created Player Class with unique ID 20
INFO:Classes.player:Created Player Class with unique ID 21
INFO:Classes.player:Created Player Class with unique ID 22
INFO:Classes.player:Created Player Class with unique ID 23
DEBUG:__main__:Program Finished at Sun, 16 Jun 2024 23:18:09 GMT
DEBUG:__main__:------------------------------------------------------------------------------------------------
DEBUG:__main__:Program Started at Sun, 16 Jun 2024 23:36:14 GMT
INFO:__main__:Welcome complete waiting on user input
INFO:__main__:User entered 1
INFO:__main__:Starting Creating a new League
INFO:Classes.league:Created League Class with unique ID 0
INFO:Classes.league:New league builder started!
INFO:Classes.league:User entered 24 for playerCount and 2 for divisionCount!
INFO:Classes.player:Created Player Class with unique ID 0
INFO:Classes.player:Created Player Class with unique ID 1
INFO:Classes.player:Created Player Class with unique ID 2
INFO:Classes.player:Created Player Class with unique ID 3
INFO:Classes.player:Created Player Class with unique ID 4
INFO:Classes.player:Created Player Class with unique ID 5
INFO:Classes.player:Created Player Class with unique ID 6
INFO:Classes.player:Created Player Class with unique ID 7
INFO:Classes.player:Created Player Class with unique ID 8
INFO:Classes.player:Created Player Class with unique ID 9
INFO:Classes.player:Created Player Class with unique ID 10
INFO:Classes.player:Created Player Class with unique ID 11
INFO:Classes.player:Created Player Class with unique ID 12
INFO:Classes.player:Created Player Class with unique ID 13
INFO:Classes.player:Created Player Class with unique ID 14
INFO:Classes.player:Created Player Class with unique ID 15
INFO:Classes.player:Created Player Class with unique ID 16
INFO:Classes.player:Created Player Class with unique ID 17
INFO:Classes.player:Created Player Class with unique ID 18
INFO:Classes.player:Created Player Class with unique ID 19
INFO:Classes.player:Created Player Class with unique ID 20
INFO:Classes.player:Created Player Class with unique ID 21
INFO:Classes.player:Created Player Class with unique ID 22
INFO:Classes.player:Created Player Class with unique ID 23
DEBUG:__main__:Program Finished at Sun, 16 Jun 2024 23:36:39 GMT
DEBUG:__main__:------------------------------------------------------------------------------------------------
DEBUG:__main__:Program Started at Sun, 16 Jun 2024 23:37:08 GMT
INFO:__main__:Welcome complete waiting on user input
INFO:__main__:User entered 1
INFO:__main__:Starting Creating a new League
INFO:Classes.league:Created League Class with unique ID 0
INFO:Classes.league:New league builder started!
INFO:Classes.league:User entered 24 for playerCount and 2 for divisionCount!
INFO:Classes.player:Created Player Class with unique ID 0
INFO:Classes.player:Created Player Class with unique ID 1
INFO:Classes.player:Created Player Class with unique ID 2
INFO:Classes.player:Created Player Class with unique ID 3
INFO:Classes.player:Created Player Class with unique ID 4
INFO:Classes.player:Created Player Class with unique ID 5
INFO:Classes.player:Created Player Class with unique ID 6
INFO:Classes.player:Created Player Class with unique ID 7
INFO:Classes.player:Created Player Class with unique ID 8
INFO:Classes.player:Created Player Class with unique ID 9
INFO:Classes.player:Created Player Class with unique ID 10
INFO:Classes.player:Created Player Class with unique ID 11
INFO:Classes.player:Created Player Class with unique ID 12
INFO:Classes.player:Created Player Class with unique ID 13
INFO:Classes.player:Created Player Class with unique ID 14
INFO:Classes.player:Created Player Class with unique ID 15
INFO:Classes.player:Created Player Class with unique ID 16
INFO:Classes.player:Created Player Class with unique ID 17
INFO:Classes.player:Created Player Class with unique ID 18
INFO:Classes.player:Created Player Class with unique ID 19
INFO:Classes.player:Created Player Class with unique ID 20
INFO:Classes.player:Created Player Class with unique ID 21
INFO:Classes.player:Created Player Class with unique ID 22
INFO:Classes.player:Created Player Class with unique ID 23
DEBUG:__main__:Program Finished at Sun, 16 Jun 2024 23:37:24 GMT
DEBUG:__main__:------------------------------------------------------------------------------------------------
DEBUG:__main__:Program Started at Sun, 16 Jun 2024 23:38:30 GMT
INFO:__main__:Welcome complete waiting on user input
INFO:__main__:User entered 1
INFO:__main__:Starting Creating a new League
INFO:Classes.league:Created League Class with unique ID 0
INFO:Classes.league:New league builder started!
INFO:Classes.league:User entered 24 for playerCount and 2 for divisionCount!
INFO:Classes.player:Created Player Class with unique ID 0
INFO:Classes.player:Created Player Class with unique ID 1
INFO:Classes.player:Created Player Class with unique ID 2
INFO:Classes.player:Created Player Class with unique ID 3
INFO:Classes.player:Created Player Class with unique ID 4
INFO:Classes.player:Created Player Class with unique ID 5
INFO:Classes.player:Created Player Class with unique ID 6
INFO:Classes.player:Created Player Class with unique ID 7
INFO:Classes.player:Created Player Class with unique ID 8
INFO:Classes.player:Created Player Class with unique ID 9
INFO:Classes.player:Created Player Class with unique ID 10
INFO:Classes.player:Created Player Class with unique ID 11
INFO:Classes.player:Created Player Class with unique ID 12
INFO:Classes.player:Created Player Class with unique ID 13
INFO:Classes.player:Created Player Class with unique ID 14
INFO:Classes.player:Created Player Class with unique ID 15
INFO:Classes.player:Created Player Class with unique ID 16
INFO:Classes.player:Created Player Class with unique ID 17
INFO:Classes.player:Created Player Class with unique ID 18
INFO:Classes.player:Created Player Class with unique ID 19
INFO:Classes.player:Created Player Class with unique ID 20
INFO:Classes.player:Created Player Class with unique ID 21
INFO:Classes.player:Created Player Class with unique ID 22
INFO:Classes.player:Created Player Class with unique ID 23
DEBUG:__main__:Program Finished at Sun, 16 Jun 2024 23:38:48 GMT
DEBUG:__main__:------------------------------------------------------------------------------------------------
DEBUG:__main__:Program Started at Sun, 16 Jun 2024 23:57:24 GMT
INFO:__main__:Welcome complete waiting on user input
INFO:__main__:User entered 1
INFO:__main__:Starting Creating a new League
INFO:Classes.league:Created League Class with unique ID 0
INFO:Classes.league:New league builder started!
INFO:Classes.league:User entered 24 for playerCount and 2 for divisionCount!
INFO:Classes.player:Created Player Class with unique ID 0
INFO:Classes.player:Created Player Class with unique ID 1
INFO:Classes.player:Created Player Class with unique ID 2
INFO:Classes.player:Created Player Class with unique ID 3
INFO:Classes.player:Created Player Class with unique ID 4
INFO:Classes.player:Created Player Class with unique ID 5
INFO:Classes.player:Created Player Class with unique ID 6
INFO:Classes.player:Created Player Class with unique ID 7
INFO:Classes.player:Created Player Class with unique ID 8
INFO:Classes.player:Created Player Class with unique ID 9
INFO:Classes.player:Created Player Class with unique ID 10
INFO:Classes.player:Created Player Class with unique ID 11
INFO:Classes.player:Created Player Class with unique ID 12
INFO:Classes.player:Created Player Class with unique ID 13
INFO:Classes.player:Created Player Class with unique ID 14
INFO:Classes.player:Created Player Class with unique ID 15
INFO:Classes.player:Created Player Class with unique ID 16
INFO:Classes.player:Created Player Class with unique ID 17
INFO:Classes.player:Created Player Class with unique ID 18
INFO:Classes.player:Created Player Class with unique ID 19
INFO:Classes.player:Created Player Class with unique ID 20
INFO:Classes.player:Created Player Class with unique ID 21
INFO:Classes.player:Created Player Class with unique ID 22
INFO:Classes.player:Created Player Class with unique ID 23
DEBUG:__main__:Program Finished at Sun, 16 Jun 2024 23:58:25 GMT
DEBUG:__main__:------------------------------------------------------------------------------------------------
DEBUG:__main__:Program Started at Sun, 23 Jun 2024 20:54:11 GMT
INFO:__main__:Welcome complete waiting on user input
INFO:__main__:User entered 1
INFO:__main__:Starting Creating a new League
INFO:Classes.league:Created League Class with unique ID 0
INFO:Classes.league:New league builder started!
INFO:Classes.league:User entered 24 for playerCount and 2 for divisionCount!
INFO:Classes.player:Created Player Class with unique ID 0
INFO:Classes.player:Created Player Class with unique ID 1
INFO:Classes.player:Created Player Class with unique ID 2
INFO:Classes.player:Created Player Class with unique ID 3
INFO:Classes.player:Created Player Class with unique ID 4
INFO:Classes.player:Created Player Class with unique ID 5
INFO:Classes.player:Created Player Class with unique ID 6
INFO:Classes.player:Created Player Class with unique ID 7
INFO:Classes.player:Created Player Class with unique ID 8
INFO:Classes.player:Created Player Class with unique ID 9
INFO:Classes.player:Created Player Class with unique ID 10
INFO:Classes.player:Created Player Class with unique ID 11
INFO:Classes.player:Created Player Class with unique ID 12
INFO:Classes.player:Created Player Class with unique ID 13
INFO:Classes.player:Created Player Class with unique ID 14
INFO:Classes.player:Created Player Class with unique ID 15
INFO:Classes.player:Created Player Class with unique ID 16
INFO:Classes.player:Created Player Class with unique ID 17
INFO:Classes.player:Created Player Class with unique ID 18
INFO:Classes.player:Created Player Class with unique ID 19
INFO:Classes.player:Created Player Class with unique ID 20
INFO:Classes.player:Created Player Class with unique ID 21
INFO:Classes.player:Created Player Class with unique ID 22
INFO:Classes.player:Created Player Class with unique ID 23
DEBUG:__main__:------------------------------------------------------------------------------------------------
DEBUG:__main__:Program Started at Sun, 23 Jun 2024 20:55:34 GMT
INFO:__main__:Welcome complete waiting on user input
ERROR:__main__:User entered 1ยง, this threw an error
INFO:__main__:User entered 1
INFO:__main__:Starting Creating a new League
INFO:Classes.league:Created League Class with unique ID 0
INFO:Classes.league:New league builder started!
INFO:Classes.league:User entered 24 for playerCount and 2 for divisionCount!
INFO:Classes.player:Created Player Class with unique ID 0
INFO:Classes.player:Created Player Class with unique ID 1
INFO:Classes.player:Created Player Class with unique ID 2
INFO:Classes.player:Created Player Class with unique ID 3
INFO:Classes.player:Created Player Class with unique ID 4
INFO:Classes.player:Created Player Class with unique ID 5
INFO:Classes.player:Created Player Class with unique ID 6
INFO:Classes.player:Created Player Class with unique ID 7
INFO:Classes.player:Created Player Class with unique ID 8
INFO:Classes.player:Created Player Class with unique ID 9
INFO:Classes.player:Created Player Class with unique ID 10
INFO:Classes.player:Created Player Class with unique ID 11
INFO:Classes.player:Created Player Class with unique ID 12
INFO:Classes.player:Created Player Class with unique ID 13
INFO:Classes.player:Created Player Class with unique ID 14
INFO:Classes.player:Created Player Class with unique ID 15
INFO:Classes.player:Created Player Class with unique ID 16
INFO:Classes.player:Created Player Class with unique ID 17
INFO:Classes.player:Created Player Class with unique ID 18
INFO:Classes.player:Created Player Class with unique ID 19
INFO:Classes.player:Created Player Class with unique ID 20
INFO:Classes.player:Created Player Class with unique ID 21
INFO:Classes.player:Created Player Class with unique ID 22
INFO:Classes.player:Created Player Class with unique ID 23
DEBUG:__main__:------------------------------------------------------------------------------------------------
DEBUG:__main__:Program Started at Sun, 23 Jun 2024 20:56:21 GMT
INFO:__main__:Welcome complete waiting on user input
INFO:__main__:User entered 1
INFO:__main__:Starting Creating a new League
INFO:Classes.league:Created League Class with unique ID 0
INFO:Classes.league:New league builder started!
INFO:Classes.league:User entered 24 for playerCount and 12 for divisionCount!
DEBUG:__main__:------------------------------------------------------------------------------------------------
DEBUG:__main__:Program Started at Sun, 23 Jun 2024 20:56:34 GMT
INFO:__main__:Welcome complete waiting on user input
INFO:__main__:User entered 1
INFO:__main__:Starting Creating a new League
INFO:Classes.league:Created League Class with unique ID 0
INFO:Classes.league:New league builder started!
INFO:Classes.league:User entered 24 for playerCount and 2 for divisionCount!
INFO:Classes.player:Created Player Class with unique ID 0
INFO:Classes.player:Created Player Class with unique ID 1
INFO:Classes.player:Created Player Class with unique ID 2
INFO:Classes.player:Created Player Class with unique ID 3
INFO:Classes.player:Created Player Class with unique ID 4
INFO:Classes.player:Created Player Class with unique ID 5
INFO:Classes.player:Created Player Class with unique ID 6
INFO:Classes.player:Created Player Class with unique ID 7
INFO:Classes.player:Created Player Class with unique ID 8
INFO:Classes.player:Created Player Class with unique ID 9
INFO:Classes.player:Created Player Class with unique ID 10
INFO:Classes.player:Created Player Class with unique ID 11
INFO:Classes.player:Created Player Class with unique ID 12
INFO:Classes.player:Created Player Class with unique ID 13
INFO:Classes.player:Created Player Class with unique ID 14
INFO:Classes.player:Created Player Class with unique ID 15
INFO:Classes.player:Created Player Class with unique ID 16
INFO:Classes.player:Created Player Class with unique ID 17
INFO:Classes.player:Created Player Class with unique ID 18
INFO:Classes.player:Created Player Class with unique ID 19
INFO:Classes.player:Created Player Class with unique ID 20
INFO:Classes.player:Created Player Class with unique ID 21
INFO:Classes.player:Created Player Class with unique ID 22
INFO:Classes.player:Created Player Class with unique ID 23
DEBUG:__main__:------------------------------------------------------------------------------------------------
DEBUG:__main__:Program Started at Sun, 23 Jun 2024 20:58:40 GMT
INFO:__main__:Welcome complete waiting on user input
INFO:__main__:User entered 1
INFO:__main__:Starting Creating a new League
INFO:Classes.league:Created League Class with unique ID 0
INFO:Classes.league:New league builder started!
INFO:Classes.league:User entered 24 for playerCount and 2 for divisionCount!
INFO:Classes.player:Created Player Class with unique ID 0
INFO:Classes.player:Created Player Class with unique ID 1
INFO:Classes.player:Created Player Class with unique ID 2
INFO:Classes.player:Created Player Class with unique ID 3
INFO:Classes.player:Created Player Class with unique ID 4
INFO:Classes.player:Created Player Class with unique ID 5
INFO:Classes.player:Created Player Class with unique ID 6
INFO:Classes.player:Created Player Class with unique ID 7
INFO:Classes.player:Created Player Class with unique ID 8
INFO:Classes.player:Created Player Class with unique ID 9
INFO:Classes.player:Created Player Class with unique ID 10
INFO:Classes.player:Created Player Class with unique ID 11
INFO:Classes.player:Created Player Class with unique ID 12
INFO:Classes.player:Created Player Class with unique ID 13
INFO:Classes.player:Created Player Class with unique ID 14
INFO:Classes.player:Created Player Class with unique ID 15
INFO:Classes.player:Created Player Class with unique ID 16
INFO:Classes.player:Created Player Class with unique ID 17
INFO:Classes.player:Created Player Class with unique ID 18
INFO:Classes.player:Created Player Class with unique ID 19
INFO:Classes.player:Created Player Class with unique ID 20
INFO:Classes.player:Created Player Class with unique ID 21
INFO:Classes.player:Created Player Class with unique ID 22
INFO:Classes.player:Created Player Class with unique ID 23
DEBUG:__main__:------------------------------------------------------------------------------------------------
DEBUG:__main__:Program Started at Sun, 23 Jun 2024 21:21:54 GMT
INFO:__main__:Welcome complete waiting on user input
INFO:__main__:User entered 1
INFO:__main__:Starting Creating a new League
INFO:Classes.league:Created League Class with unique ID 0
INFO:Classes.league:New league builder started!
INFO:Classes.league:User entered 24 for playerCount and 2 for divisionCount!
INFO:Classes.player:Created Player Class with unique ID 0
INFO:Classes.player:Created Player Class with unique ID 1
INFO:Classes.player:Created Player Class with unique ID 2
INFO:Classes.player:Created Player Class with unique ID 3
INFO:Classes.player:Created Player Class with unique ID 4
INFO:Classes.player:Created Player Class with unique ID 5
INFO:Classes.player:Created Player Class with unique ID 6
INFO:Classes.player:Created Player Class with unique ID 7
INFO:Classes.player:Created Player Class with unique ID 8
INFO:Classes.player:Created Player Class with unique ID 9
INFO:Classes.player:Created Player Class with unique ID 10
INFO:Classes.player:Created Player Class with unique ID 11
INFO:Classes.player:Created Player Class with unique ID 12
INFO:Classes.player:Created Player Class with unique ID 13
INFO:Classes.player:Created Player Class with unique ID 14
INFO:Classes.player:Created Player Class with unique ID 15
INFO:Classes.player:Created Player Class with unique ID 16
INFO:Classes.player:Created Player Class with unique ID 17
INFO:Classes.player:Created Player Class with unique ID 18
INFO:Classes.player:Created Player Class with unique ID 19
INFO:Classes.player:Created Player Class with unique ID 20
INFO:Classes.player:Created Player Class with unique ID 21
INFO:Classes.player:Created Player Class with unique ID 22
INFO:Classes.player:Created Player Class with unique ID 23
DEBUG:__main__:Program Finished at Sun, 23 Jun 2024 21:22:26 GMT
DEBUG:__main__:------------------------------------------------------------------------------------------------
DEBUG:__main__:Program Started at Sun, 23 Jun 2024 22:12:15 GMT
INFO:__main__:Welcome complete waiting on user input
INFO:__main__:User entered 1
INFO:__main__:Starting Creating a new League
INFO:Classes.league:Created League Class with unique ID 0
INFO:Classes.league:New league builder started!
INFO:Classes.league:User entered 24 for playerCount and 2 for divisionCount!
INFO:Classes.player:Created Player Class with unique ID 0
INFO:Classes.player:Created Player Class with unique ID 1
INFO:Classes.player:Created Player Class with unique ID 2
INFO:Classes.player:Created Player Class with unique ID 3
INFO:Classes.player:Created Player Class with unique ID 4
INFO:Classes.player:Created Player Class with unique ID 5
INFO:Classes.player:Created Player Class with unique ID 6
INFO:Classes.player:Created Player Class with unique ID 7
INFO:Classes.player:Created Player Class with unique ID 8
INFO:Classes.player:Created Player Class with unique ID 9
INFO:Classes.player:Created Player Class with unique ID 10
INFO:Classes.player:Created Player Class with unique ID 11
INFO:Classes.player:Created Player Class with unique ID 12
INFO:Classes.player:Created Player Class with unique ID 13
INFO:Classes.player:Created Player Class with unique ID 14
INFO:Classes.player:Created Player Class with unique ID 15
INFO:Classes.player:Created Player Class with unique ID 16
INFO:Classes.player:Created Player Class with unique ID 17
INFO:Classes.player:Created Player Class with unique ID 18
INFO:Classes.player:Created Player Class with unique ID 19
INFO:Classes.player:Created Player Class with unique ID 20
INFO:Classes.player:Created Player Class with unique ID 21
INFO:Classes.player:Created Player Class with unique ID 22
INFO:Classes.player:Created Player Class with unique ID 23
INFO:Classes.league:All players objects created
INFO:Classes.league:Getting names from LeagueBuilder/ReadableFiles/playerNames.txt
INFO:Classes.league:Getting names from LeagueBuilder/ReadableFiles/playerDivisions.txt
DEBUG:__main__:------------------------------------------------------------------------------------------------
DEBUG:__main__:Program Started at Sun, 23 Jun 2024 22:22:18 GMT
INFO:__main__:Welcome complete waiting on user input
INFO:__main__:User entered 1
INFO:__main__:Starting Creating a new League
INFO:Classes.league:Created League Class with unique ID 0
INFO:Classes.league:New league builder started!
INFO:Classes.league:User entered 24 for playerCount and 2 for divisionCount!
INFO:Classes.player:Created Player Class with unique ID 0
INFO:Classes.player:Created Player Class with unique ID 1
INFO:Classes.player:Created Player Class with unique ID 2
INFO:Classes.player:Created Player Class with unique ID 3
INFO:Classes.player:Created Player Class with unique ID 4
INFO:Classes.player:Created Player Class with unique ID 5
INFO:Classes.player:Created Player Class with unique ID 6
INFO:Classes.player:Created Player Class with unique ID 7
INFO:Classes.player:Created Player Class with unique ID 8
INFO:Classes.player:Created Player Class with unique ID 9
INFO:Classes.player:Created Player Class with unique ID 10
INFO:Classes.player:Created Player Class with unique ID 11
INFO:Classes.player:Created Player Class with unique ID 12
INFO:Classes.player:Created Player Class with unique ID 13
INFO:Classes.player:Created Player Class with unique ID 14
INFO:Classes.player:Created Player Class with unique ID 15
INFO:Classes.player:Created Player Class with unique ID 16
INFO:Classes.player:Created Player Class with unique ID 17
INFO:Classes.player:Created Player Class with unique ID 18
INFO:Classes.player:Created Player Class with unique ID 19
INFO:Classes.player:Created Player Class with unique ID 20
INFO:Classes.player:Created Player Class with unique ID 21
INFO:Classes.player:Created Player Class with unique ID 22
INFO:Classes.player:Created Player Class with unique ID 23
INFO:Classes.league:All players objects created
INFO:Classes.league:Invalid path entered for player names file: LeagueBuilder/ReadableFiles/playersName.txt
INFO:Classes.league:Invalid path entered for player names file: LeagueBuilder/ReadableFiles/playersDivision.txt
INFO:Classes.league:Getting names from LeagueBuilder/ReadableFiles/playerDivisions.txt
DEBUG:__main__:------------------------------------------------------------------------------------------------
DEBUG:__main__:Program Started at Sun, 23 Jun 2024 22:22:58 GMT
INFO:__main__:Welcome complete waiting on user input
INFO:__main__:User entered 1
INFO:__main__:Starting Creating a new League
INFO:Classes.league:Created League Class with unique ID 0
INFO:Classes.league:New league builder started!
INFO:Classes.league:User entered 24 for playerCount and 2 for divisionCount!
INFO:Classes.player:Created Player Class with unique ID 0
INFO:Classes.player:Created Player Class with unique ID 1
INFO:Classes.player:Created Player Class with unique ID 2
INFO:Classes.player:Created Player Class with unique ID 3
INFO:Classes.player:Created Player Class with unique ID 4
INFO:Classes.player:Created Player Class with unique ID 5
INFO:Classes.player:Created Player Class with unique ID 6
INFO:Classes.player:Created Player Class with unique ID 7
INFO:Classes.player:Created Player Class with unique ID 8
INFO:Classes.player:Created Player Class with unique ID 9
INFO:Classes.player:Created Player Class with unique ID 10
INFO:Classes.player:Created Player Class with unique ID 11
INFO:Classes.player:Created Player Class with unique ID 12
INFO:Classes.player:Created Player Class with unique ID 13
INFO:Classes.player:Created Player Class with unique ID 14
INFO:Classes.player:Created Player Class with unique ID 15
INFO:Classes.player:Created Player Class with unique ID 16
INFO:Classes.player:Created Player Class with unique ID 17
INFO:Classes.player:Created Player Class with unique ID 18
INFO:Classes.player:Created Player Class with unique ID 19
INFO:Classes.player:Created Player Class with unique ID 20
INFO:Classes.player:Created Player Class with unique ID 21
INFO:Classes.player:Created Player Class with unique ID 22
INFO:Classes.player:Created Player Class with unique ID 23
INFO:Classes.league:All players objects created
INFO:Classes.league:Getting names from LeagueBuilder/ReadableFiles/playerNames.txt
INFO:Classes.league:Getting names from LeagueBuilder/ReadableFiles/playerDivisions.txt
DEBUG:__main__:Program Finished at Sun, 23 Jun 2024 22:23:18 GMT
DEBUG:__main__:------------------------------------------------------------------------------------------------
DEBUG:__main__:Program Started at Sun, 23 Jun 2024 22:25:54 GMT
INFO:__main__:Welcome complete waiting on user input
INFO:__main__:User entered 1
INFO:__main__:Starting Creating a new League
INFO:Classes.league:Created League Class with unique ID 0
INFO:Classes.league:New league builder started!
INFO:Classes.league:User entered 24 for playerCount and 2 for divisionCount!
INFO:Classes.player:Created Player Class with unique ID 0
INFO:Classes.player:Created Player Class with unique ID 1
INFO:Classes.player:Created Player Class with unique ID 2
INFO:Classes.player:Created Player Class with unique ID 3
INFO:Classes.player:Created Player Class with unique ID 4
INFO:Classes.player:Created Player Class with unique ID 5
INFO:Classes.player:Created Player Class with unique ID 6
INFO:Classes.player:Created Player Class with unique ID 7
INFO:Classes.player:Created Player Class with unique ID 8
INFO:Classes.player:Created Player Class with unique ID 9
INFO:Classes.player:Created Player Class with unique ID 10
INFO:Classes.player:Created Player Class with unique ID 11
INFO:Classes.player:Created Player Class with unique ID 12
INFO:Classes.player:Created Player Class with unique ID 13
INFO:Classes.player:Created Player Class with unique ID 14
INFO:Classes.player:Created Player Class with unique ID 15
INFO:Classes.player:Created Player Class with unique ID 16
INFO:Classes.player:Created Player Class with unique ID 17
INFO:Classes.player:Created Player Class with unique ID 18
INFO:Classes.player:Created Player Class with unique ID 19
INFO:Classes.player:Created Player Class with unique ID 20
INFO:Classes.player:Created Player Class with unique ID 21
INFO:Classes.player:Created Player Class with unique ID 22
INFO:Classes.player:Created Player Class with unique ID 23
INFO:Classes.league:All players objects created
INFO:Classes.league:Getting names from LeagueBuilder/ReadableFiles/playerNames.txt
INFO:Classes.league:Getting names from LeagueBuilder/ReadableFiles/playerDivisions.txt
DEBUG:__main__:Program Finished at Sun, 23 Jun 2024 22:26:16 GMT
DEBUG:__main__:------------------------------------------------------------------------------------------------
DEBUG:__main__:Program Started at Sun, 23 Jun 2024 22:34:41 GMT
INFO:__main__:Welcome complete waiting on user input
INFO:__main__:User entered 1
INFO:__main__:Starting Creating a new League
INFO:Classes.league:Created League Class with unique ID 0
INFO:Classes.league:New league builder started!
INFO:Classes.league:User entered 24 for playerCount and 2 for divisionCount!
INFO:Classes.player:Created Player Class with unique ID 0
INFO:Classes.player:Created Player Class with unique ID 1
INFO:Classes.player:Created Player Class with unique ID 2
INFO:Classes.player:Created Player Class with unique ID 3
INFO:Classes.player:Created Player Class with unique ID 4
INFO:Classes.player:Created Player Class with unique ID 5
INFO:Classes.player:Created Player Class with unique ID 6
INFO:Classes.player:Created Player Class with unique ID 7
INFO:Classes.player:Created Player Class with unique ID 8
INFO:Classes.player:Created Player Class with unique ID 9
INFO:Classes.player:Created Player Class with unique ID 10
INFO:Classes.player:Created Player Class with unique ID 11
INFO:Classes.player:Created Player Class with unique ID 12
INFO:Classes.player:Created Player Class with unique ID 13
INFO:Classes.player:Created Player Class with unique ID 14
INFO:Classes.player:Created Player Class with unique ID 15
INFO:Classes.player:Created Player Class with unique ID 16
INFO:Classes.player:Created Player Class with unique ID 17
INFO:Classes.player:Created Player Class with unique ID 18
INFO:Classes.player:Created Player Class with unique ID 19
INFO:Classes.player:Created Player Class with unique ID 20
INFO:Classes.player:Created Player Class with unique ID 21
INFO:Classes.player:Created Player Class with unique ID 22
INFO:Classes.player:Created Player Class with unique ID 23
INFO:Classes.league:All players objects created
INFO:Classes.league:Getting names from LeagueBuilder/ReadableFiles/playerNames.txt
INFO:Classes.league:Getting names from LeagueBuilder/ReadableFiles/playerDivisions.txt
DEBUG:__main__:------------------------------------------------------------------------------------------------
DEBUG:__main__:Program Started at Sun, 23 Jun 2024 22:39:12 GMT
INFO:__main__:Welcome complete waiting on user input
INFO:__main__:User entered 1
INFO:__main__:Starting Creating a new League
INFO:Classes.league:Created League Class with unique ID 0
INFO:Classes.league:New league builder started!
INFO:Classes.league:User entered 24 for playerCount and 12 for divisionCount!
INFO:Classes.player:Created Player Class with unique ID 0
INFO:Classes.player:Created Player Class with unique ID 1
INFO:Classes.player:Created Player Class with unique ID 2
INFO:Classes.player:Created Player Class with unique ID 3
INFO:Classes.player:Created Player Class with unique ID 4
INFO:Classes.player:Created Player Class with unique ID 5
INFO:Classes.player:Created Player Class with unique ID 6
INFO:Classes.player:Created Player Class with unique ID 7
INFO:Classes.player:Created Player Class with unique ID 8
INFO:Classes.player:Created Player Class with unique ID 9
INFO:Classes.player:Created Player Class with unique ID 10
INFO:Classes.player:Created Player Class with unique ID 11
INFO:Classes.player:Created Player Class with unique ID 12
INFO:Classes.player:Created Player Class with unique ID 13
INFO:Classes.player:Created Player Class with unique ID 14
INFO:Classes.player:Created Player Class with unique ID 15
INFO:Classes.player:Created Player Class with unique ID 16
INFO:Classes.player:Created Player Class with unique ID 17
INFO:Classes.player:Created Player Class with unique ID 18
INFO:Classes.player:Created Player Class with unique ID 19
INFO:Classes.player:Created Player Class with unique ID 20
INFO:Classes.player:Created Player Class with unique ID 21
INFO:Classes.player:Created Player Class with unique ID 22
INFO:Classes.player:Created Player Class with unique ID 23
INFO:Classes.league:All players objects created
INFO:Classes.league:Getting names from LeagueBuilder/ReadableFiles/playerNames.txt
INFO:Classes.league:Getting names from LeagueBuilder/ReadableFiles/playerDivisions.txt
DEBUG:__main__:------------------------------------------------------------------------------------------------
DEBUG:__main__:Program Started at Sun, 23 Jun 2024 22:43:51 GMT
INFO:__main__:Welcome complete waiting on user input
ERROR:__main__:User entered /usr/local/bin/python3 "/Users/cameronwhyte/Library/CloudStorage/OneDrive-AbertayUniversity/Pool Team/Tourney Director/LeagueBuilder/main.py", this threw an error
INFO:__main__:User entered 1
INFO:__main__:Starting Creating a new League
INFO:Classes.league:Created League Class with unique ID 0
INFO:Classes.league:New league builder started!
INFO:Classes.league:User entered 12 for playerCount and 2 for divisionCount!
INFO:Classes.player:Created Player Class with unique ID 0
INFO:Classes.player:Created Player Class with unique ID 1
INFO:Classes.player:Created Player Class with unique ID 2
INFO:Classes.player:Created Player Class with unique ID 3
INFO:Classes.player:Created Player Class with unique ID 4
INFO:Classes.player:Created Player Class with unique ID 5
INFO:Classes.player:Created Player Class with unique ID 6
INFO:Classes.player:Created Player Class with unique ID 7
INFO:Classes.player:Created Player Class with unique ID 8
INFO:Classes.player:Created Player Class with unique ID 9
INFO:Classes.player:Created Player Class with unique ID 10
INFO:Classes.player:Created Player Class with unique ID 11
INFO:Classes.league:All players objects created
INFO:Classes.league:Getting names from LeagueBuilder/ReadableFiles/playerNames.txt
INFO:Classes.league:Getting names from LeagueBuilder/ReadableFiles/playerDivisions.txt
DEBUG:__main__:------------------------------------------------------------------------------------------------
DEBUG:__main__:Program Started at Sun, 23 Jun 2024 23:01:26 GMT
INFO:__main__:Welcome complete waiting on user input
INFO:__main__:User entered 1
INFO:__main__:Starting Creating a new League
INFO:Classes.league:Created League Class with unique ID 0
INFO:Classes.league:New league builder started!
INFO:Classes.league:User entered 24 for playerCount and 2 for divisionCount!
INFO:Classes.player:Created Player Class with unique ID 0
INFO:Classes.player:Created Player Class with unique ID 1
INFO:Classes.player:Created Player Class with unique ID 2
INFO:Classes.player:Created Player Class with unique ID 3
INFO:Classes.player:Created Player Class with unique ID 4
INFO:Classes.player:Created Player Class with unique ID 5
INFO:Classes.player:Created Player Class with unique ID 6
INFO:Classes.player:Created Player Class with unique ID 7
INFO:Classes.player:Created Player Class with unique ID 8
INFO:Classes.player:Created Player Class with unique ID 9
INFO:Classes.player:Created Player Class with unique ID 10
INFO:Classes.player:Created Player Class with unique ID 11
INFO:Classes.player:Created Player Class with unique ID 12
INFO:Classes.player:Created Player Class with unique ID 13
INFO:Classes.player:Created Player Class with unique ID 14
INFO:Classes.player:Created Player Class with unique ID 15
INFO:Classes.player:Created Player Class with unique ID 16
INFO:Classes.player:Created Player Class with unique ID 17
INFO:Classes.player:Created Player Class with unique ID 18
INFO:Classes.player:Created Player Class with unique ID 19
INFO:Classes.player:Created Player Class with unique ID 20
INFO:Classes.player:Created Player Class with unique ID 21
INFO:Classes.player:Created Player Class with unique ID 22
INFO:Classes.player:Created Player Class with unique ID 23
INFO:Classes.league:All players objects created
INFO:Classes.league:Getting names from LeagueBuilder/ReadableFiles/playerNames.txt
INFO:Classes.league:Getting names from LeagueBuilder/ReadableFiles/playerDivisions.txt
DEBUG:__main__:Program Finished at Sun, 23 Jun 2024 23:01:51 GMT
DEBUG:__main__:------------------------------------------------------------------------------------------------
DEBUG:__main__:Program Started at Sun, 23 Jun 2024 23:08:17 GMT
INFO:__main__:Welcome complete waiting on user input
INFO:__main__:User entered 1
INFO:__main__:Starting Creating a new League
INFO:Classes.league:Created League Class with unique ID 0
INFO:Classes.league:New league builder started!
INFO:Classes.league:User entered 24 for playerCount and 12 for divisionCount!
INFO:Classes.player:Created Player Class with unique ID 0
INFO:Classes.player:Created Player Class with unique ID 1
INFO:Classes.player:Created Player Class with unique ID 2
INFO:Classes.player:Created Player Class with unique ID 3
INFO:Classes.player:Created Player Class with unique ID 4
INFO:Classes.player:Created Player Class with unique ID 5
INFO:Classes.player:Created Player Class with unique ID 6
INFO:Classes.player:Created Player Class with unique ID 7
INFO:Classes.player:Created Player Class with unique ID 8
INFO:Classes.player:Created Player Class with unique ID 9
INFO:Classes.player:Created Player Class with unique ID 10
INFO:Classes.player:Created Player Class with unique ID 11
INFO:Classes.player:Created Player Class with unique ID 12
INFO:Classes.player:Created Player Class with unique ID 13
INFO:Classes.player:Created Player Class with unique ID 14
INFO:Classes.player:Created Player Class with unique ID 15
INFO:Classes.player:Created Player Class with unique ID 16
INFO:Classes.player:Created Player Class with unique ID 17
INFO:Classes.player:Created Player Class with unique ID 18
INFO:Classes.player:Created Player Class with unique ID 19
INFO:Classes.player:Created Player Class with unique ID 20
INFO:Classes.player:Created Player Class with unique ID 21
INFO:Classes.player:Created Player Class with unique ID 22
INFO:Classes.player:Created Player Class with unique ID 23
INFO:Classes.league:All players objects created
DEBUG:__main__:------------------------------------------------------------------------------------------------
DEBUG:__main__:Program Started at Sun, 23 Jun 2024 23:08:52 GMT
INFO:__main__:Welcome complete waiting on user input
INFO:__main__:User entered 1
INFO:__main__:Starting Creating a new League
INFO:Classes.league:Created League Class with unique ID 0
INFO:Classes.league:New league builder started!
INFO:Classes.league:User entered 12 for playerCount and 2 for divisionCount!
INFO:Classes.player:Created Player Class with unique ID 0
INFO:Classes.player:Created Player Class with unique ID 1
INFO:Classes.player:Created Player Class with unique ID 2
INFO:Classes.player:Created Player Class with unique ID 3
INFO:Classes.player:Created Player Class with unique ID 4
INFO:Classes.player:Created Player Class with unique ID 5
INFO:Classes.player:Created Player Class with unique ID 6
INFO:Classes.player:Created Player Class with unique ID 7
INFO:Classes.player:Created Player Class with unique ID 8
INFO:Classes.player:Created Player Class with unique ID 9
INFO:Classes.player:Created Player Class with unique ID 10
INFO:Classes.player:Created Player Class with unique ID 11
INFO:Classes.league:All players objects created
DEBUG:__main__:Program Finished at Sun, 23 Jun 2024 23:09:00 GMT
DEBUG:__main__:------------------------------------------------------------------------------------------------
DEBUG:__main__:Program Started at Sun, 23 Jun 2024 23:11:08 GMT
INFO:__main__:Welcome complete waiting on user input
INFO:__main__:User entered 1
INFO:__main__:Starting Creating a new League
INFO:Classes.league:Created League Class with unique ID 0
INFO:Classes.league:New league builder started!
INFO:Classes.league:User entered 12 for playerCount and 6 for divisionCount!
INFO:Classes.player:Created Player Class with unique ID 0
INFO:Classes.player:Created Player Class with unique ID 1
INFO:Classes.player:Created Player Class with unique ID 2
INFO:Classes.player:Created Player Class with unique ID 3
INFO:Classes.player:Created Player Class with unique ID 4
INFO:Classes.player:Created Player Class with unique ID 5
INFO:Classes.player:Created Player Class with unique ID 6
INFO:Classes.player:Created Player Class with unique ID 7
INFO:Classes.player:Created Player Class with unique ID 8
INFO:Classes.player:Created Player Class with unique ID 9
INFO:Classes.player:Created Player Class with unique ID 10
INFO:Classes.player:Created Player Class with unique ID 11
INFO:Classes.league:All players objects created
DEBUG:__main__:Program Finished at Sun, 23 Jun 2024 23:11:27 GMT
DEBUG:__main__:------------------------------------------------------------------------------------------------
DEBUG:__main__:Program Started at Sun, 23 Jun 2024 23:15:17 GMT
INFO:__main__:Welcome complete waiting on user input
INFO:__main__:User entered 1
INFO:__main__:Starting Creating a new League
INFO:Classes.league:Created League Class with unique ID 0
INFO:Classes.league:New league builder started!
INFO:Classes.league:User entered 12 for playerCount and 2 for divisionCount!
INFO:Classes.player:Created Player Class with unique ID 0
INFO:Classes.player:Created Player Class with unique ID 1
INFO:Classes.player:Created Player Class with unique ID 2
INFO:Classes.player:Created Player Class with unique ID 3
INFO:Classes.player:Created Player Class with unique ID 4
INFO:Classes.player:Created Player Class with unique ID 5
INFO:Classes.player:Created Player Class with unique ID 6
INFO:Classes.player:Created Player Class with unique ID 7
INFO:Classes.player:Created Player Class with unique ID 8
INFO:Classes.player:Created Player Class with unique ID 9
INFO:Classes.player:Created Player Class with unique ID 10
INFO:Classes.player:Created Player Class with unique ID 11
INFO:Classes.league:All players objects created
DEBUG:__main__:Program Finished at Sun, 23 Jun 2024 23:15:32 GMT
DEBUG:__main__:------------------------------------------------------------------------------------------------
DEBUG:__main__:Program Started at Sun, 23 Jun 2024 23:15:42 GMT
INFO:__main__:Welcome complete waiting on user input
INFO:__main__:User entered 1
INFO:__main__:Starting Creating a new League
INFO:Classes.league:Created League Class with unique ID 0
INFO:Classes.league:New league builder started!
INFO:Classes.league:User entered 24 for playerCount and 2 for divisionCount!
INFO:Classes.player:Created Player Class with unique ID 0
INFO:Classes.player:Created Player Class with unique ID 1
INFO:Classes.player:Created Player Class with unique ID 2
INFO:Classes.player:Created Player Class with unique ID 3
INFO:Classes.player:Created Player Class with unique ID 4
INFO:Classes.player:Created Player Class with unique ID 5
INFO:Classes.player:Created Player Class with unique ID 6
INFO:Classes.player:Created Player Class with unique ID 7
INFO:Classes.player:Created Player Class with unique ID 8
INFO:Classes.player:Created Player Class with unique ID 9
INFO:Classes.player:Created Player Class with unique ID 10
INFO:Classes.player:Created Player Class with unique ID 11
INFO:Classes.player:Created Player Class with unique ID 12
INFO:Classes.player:Created Player Class with unique ID 13
INFO:Classes.player:Created Player Class with unique ID 14
INFO:Classes.player:Created Player Class with unique ID 15
INFO:Classes.player:Created Player Class with unique ID 16
INFO:Classes.player:Created Player Class with unique ID 17
INFO:Classes.player:Created Player Class with unique ID 18
INFO:Classes.player:Created Player Class with unique ID 19
INFO:Classes.player:Created Player Class with unique ID 20
INFO:Classes.player:Created Player Class with unique ID 21
INFO:Classes.player:Created Player Class with unique ID 22
INFO:Classes.player:Created Player Class with unique ID 23
INFO:Classes.league:All players objects created
DEBUG:__main__:Program Finished at Sun, 23 Jun 2024 23:15:52 GMT
DEBUG:__main__:------------------------------------------------------------------------------------------------
DEBUG:__main__:Program Started at Sun, 23 Jun 2024 23:16:33 GMT
INFO:__main__:Welcome complete waiting on user input
INFO:__main__:User entered 1
INFO:__main__:Starting Creating a new League
INFO:Classes.league:Created League Class with unique ID 0
INFO:Classes.league:New league builder started!
INFO:Classes.league:User entered 14 for playerCount and 2 for divisionCount!
INFO:Classes.player:Created Player Class with unique ID 0
INFO:Classes.player:Created Player Class with unique ID 1
INFO:Classes.player:Created Player Class with unique ID 2
INFO:Classes.player:Created Player Class with unique ID 3
INFO:Classes.player:Created Player Class with unique ID 4
INFO:Classes.player:Created Player Class with unique ID 5
INFO:Classes.player:Created Player Class with unique ID 6
INFO:Classes.player:Created Player Class with unique ID 7
INFO:Classes.player:Created Player Class with unique ID 8
INFO:Classes.player:Created Player Class with unique ID 9
INFO:Classes.player:Created Player Class with unique ID 10
INFO:Classes.player:Created Player Class with unique ID 11
INFO:Classes.player:Created Player Class with unique ID 12
INFO:Classes.player:Created Player Class with unique ID 13
INFO:Classes.league:All players objects created
DEBUG:__main__:Program Finished at Sun, 23 Jun 2024 23:16:45 GMT
DEBUG:__main__:------------------------------------------------------------------------------------------------
DEBUG:__main__:Program Started at Sun, 23 Jun 2024 23:17:31 GMT
INFO:__main__:Welcome complete waiting on user input
INFO:__main__:User entered 1
INFO:__main__:Starting Creating a new League
INFO:Classes.league:Created League Class with unique ID 0
INFO:Classes.league:New league builder started!
INFO:Classes.league:User entered 16 for playerCount and 2 for divisionCount!
INFO:Classes.player:Created Player Class with unique ID 0
INFO:Classes.player:Created Player Class with unique ID 1
INFO:Classes.player:Created Player Class with unique ID 2
INFO:Classes.player:Created Player Class with unique ID 3
INFO:Classes.player:Created Player Class with unique ID 4
INFO:Classes.player:Created Player Class with unique ID 5
INFO:Classes.player:Created Player Class with unique ID 6
INFO:Classes.player:Created Player Class with unique ID 7
INFO:Classes.player:Created Player Class with unique ID 8
INFO:Classes.player:Created Player Class with unique ID 9
INFO:Classes.player:Created Player Class with unique ID 10
INFO:Classes.player:Created Player Class with unique ID 11
INFO:Classes.player:Created Player Class with unique ID 12
INFO:Classes.player:Created Player Class with unique ID 13
INFO:Classes.player:Created Player Class with unique ID 14
INFO:Classes.player:Created Player Class with unique ID 15
INFO:Classes.league:All players objects created
DEBUG:__main__:Program Finished at Sun, 23 Jun 2024 23:17:44 GMT
DEBUG:__main__:------------------------------------------------------------------------------------------------
DEBUG:__main__:Program Started at Sun, 23 Jun 2024 23:20:51 GMT
INFO:__main__:Welcome complete waiting on user input
INFO:__main__:User entered 1
INFO:__main__:Starting Creating a new League
INFO:Classes.league:Created League Class with unique ID 0
INFO:Classes.league:New league builder started!
INFO:Classes.league:User entered 12 for playerCount and 2 for divisionCount!
INFO:Classes.player:Created Player Class with unique ID 0
INFO:Classes.player:Created Player Class with unique ID 1
INFO:Classes.player:Created Player Class with unique ID 2
INFO:Classes.player:Created Player Class with unique ID 3
INFO:Classes.player:Created Player Class with unique ID 4
INFO:Classes.player:Created Player Class with unique ID 5
INFO:Classes.player:Created Player Class with unique ID 6
INFO:Classes.player:Created Player Class with unique ID 7
INFO:Classes.player:Created Player Class with unique ID 8
INFO:Classes.player:Created Player Class with unique ID 9
INFO:Classes.player:Created Player Class with unique ID 10
INFO:Classes.player:Created Player Class with unique ID 11
INFO:Classes.league:All players objects created
DEBUG:__main__:Program Finished at Sun, 23 Jun 2024 23:20:58 GMT
DEBUG:__main__:------------------------------------------------------------------------------------------------
DEBUG:__main__:Program Started at Sun, 23 Jun 2024 23:21:04 GMT
INFO:__main__:Welcome complete waiting on user input
INFO:__main__:User entered 1
INFO:__main__:Starting Creating a new League
INFO:Classes.league:Created League Class with unique ID 0
INFO:Classes.league:New league builder started!
INFO:Classes.league:User entered 24 for playerCount and 2 for divisionCount!
INFO:Classes.player:Created Player Class with unique ID 0
INFO:Classes.player:Created Player Class with unique ID 1
INFO:Classes.player:Created Player Class with unique ID 2
INFO:Classes.player:Created Player Class with unique ID 3
INFO:Classes.player:Created Player Class with unique ID 4
INFO:Classes.player:Created Player Class with unique ID 5
INFO:Classes.player:Created Player Class with unique ID 6
INFO:Classes.player:Created Player Class with unique ID 7
INFO:Classes.player:Created Player Class with unique ID 8
INFO:Classes.player:Created Player Class with unique ID 9
INFO:Classes.player:Created Player Class with unique ID 10
INFO:Classes.player:Created Player Class with unique ID 11
INFO:Classes.player:Created Player Class with unique ID 12
INFO:Classes.player:Created Player Class with unique ID 13
INFO:Classes.player:Created Player Class with unique ID 14
INFO:Classes.player:Created Player Class with unique ID 15
INFO:Classes.player:Created Player Class with unique ID 16
INFO:Classes.player:Created Player Class with unique ID 17
INFO:Classes.player:Created Player Class with unique ID 18
INFO:Classes.player:Created Player Class with unique ID 19
INFO:Classes.player:Created Player Class with unique ID 20
INFO:Classes.player:Created Player Class with unique ID 21
INFO:Classes.player:Created Player Class with unique ID 22
INFO:Classes.player:Created Player Class with unique ID 23
INFO:Classes.league:All players objects created
DEBUG:__main__:Program Finished at Sun, 23 Jun 2024 23:21:13 GMT
